2017-12-12 13:46:39 -  - exec CUpdateClientPartner::SearchModulesEx
2017-12-12 13:46:39 -  - exec CUpdateClientPartner::__CollectRequestData
2017-12-12 13:46:39 -  - utf=Y&lang=ru&stable=Y&CANGZIP=Y&SUPD_DBS=MYSQL&XE=N&CLIENT_SITE=bitrix&LICENSE_KEY=X&SUPD_STS=1&SUPD_URS=0&SUPD_URSA=1&TYPENC=D&CLIENT_PHPVER=7.0.8&NGINX=Y&dbv=5.7.13&instm=main%2C17.0.9%2CY%3Bb24connector%2C17.0.1%2CN%3Bbitrix.sitecorporate%2C15.5.0%2CN%3Bbitrixcloud%2C17.0.0%2CN%3Bclouds%2C17.0.0%2CN%3Bcompression%2C16.0.0%2CN%3Bfileman%2C17.5.0%2CN%3Bhighloadblock%2C17.0.2%2CN%3Biblock%2C17.0.9%2CN%3Bperfmon%2C17.0.0%2CN%3Bsearch%2C17.0.1%2CN%3Bseo%2C17.0.6%2CN%3Bsocialservices%2C17.1.4%2CN%3Btranslate%2C15.0.0%2CN&search_module_id=&search_module=&search_category=7%2C14&search_type=&search_order=DESC&search_order_by=SORT&search_page=1&SUPD_SRS=RU&SUPD_CMP=N
2017-12-12 13:46:39 -  - exec CUpdateClientPartner::GetHTTPPage
2017-12-12 13:46:41 -  - TIME SearchModulesEx(request) 1.868 sec
2017-12-12 13:46:41 -  - exec CUpdateClientPartner::ParseServerData
2017-12-12 13:46:52 -  - exec CUpdateClientPartner::LoadModulesUpdates
2017-12-12 13:46:52 -  - exec CUpdateClientPartner::__CollectRequestData
2017-12-12 13:46:52 -  - utf=Y&lang=ru&stable=Y&CANGZIP=Y&SUPD_DBS=MYSQL&XE=N&CLIENT_SITE=bitrix&LICENSE_KEY=X&SUPD_STS=1&SUPD_URS=0&SUPD_URSA=1&TYPENC=D&CLIENT_PHPVER=7.0.8&NGINX=Y&dbv=5.7.13&instm=main%2C17.0.9%2CY%3Bb24connector%2C17.0.1%2CN%3Bbitrix.sitecorporate%2C15.5.0%2CN%3Bbitrixcloud%2C17.0.0%2CN%3Bclouds%2C17.0.0%2CN%3Bcompression%2C16.0.0%2CN%3Bfileman%2C17.5.0%2CN%3Bhighloadblock%2C17.0.2%2CN%3Biblock%2C17.0.9%2CN%3Bperfmon%2C17.0.0%2CN%3Bsearch%2C17.0.1%2CN%3Bseo%2C17.0.6%2CN%3Bsocialservices%2C17.1.4%2CN%3Btranslate%2C15.0.0%2CN&reqm=nsandrey.emptyinstall&lim=Y&SUPD_SRS=RU&SUPD_CMP=N
2017-12-12 13:46:52 -  - exec CUpdateClientPartner::GetHTTPPage
2017-12-12 13:46:52 -  - TIME LoadModulesUpdates(request) 0.407 sec
2017-12-12 13:46:52 -  - exec CUpdateClientPartner::ParseServerData
2017-12-12 13:46:52 - S - STEP
2017-12-12 13:46:52 - LM4W01 - loadModule4Wizard-Step
2017-12-12 13:46:53 -  - exec CUpdateClientPartner::LoadModulesUpdates
2017-12-12 13:46:53 -  - exec CUpdateClientPartner::ParseServerData
2017-12-12 13:46:53 -  - loadFile
2017-12-12 13:46:53 - U - RETURN
2017-12-12 13:46:53 -  - exec CUpdateClientPartner::UnGzipArchive
2017-12-12 13:46:53 -  - TIME UnGzipArchive 0.429 sec
2017-12-12 13:46:54 -  - TIME UpdateStepModules 0.433 sec
2017-12-12 13:46:54 -  - exec CUpdateClientPartner::LoadModulesUpdates
2017-12-12 13:46:54 -  - exec CUpdateClientPartner::__CollectRequestData
2017-12-12 13:46:54 -  - utf=Y&lang=ru&stable=Y&CANGZIP=Y&SUPD_DBS=MYSQL&XE=N&CLIENT_SITE=bitrix&LICENSE_KEY=X&SUPD_STS=1&SUPD_URS=0&SUPD_URSA=1&TYPENC=D&CLIENT_PHPVER=7.0.8&NGINX=Y&dbv=5.7.13&instm=main%2C17.0.9%2CY%3Bb24connector%2C17.0.1%2CN%3Bbitrix.sitecorporate%2C15.5.0%2CN%3Bbitrixcloud%2C17.0.0%2CN%3Bclouds%2C17.0.0%2CN%3Bcompression%2C16.0.0%2CN%3Bfileman%2C17.5.0%2CN%3Bhighloadblock%2C17.0.2%2CN%3Biblock%2C17.0.9%2CN%3Bnsandrey.emptyinstall%2C1.0.2%2CN%3Bperfmon%2C17.0.0%2CN%3Bsearch%2C17.0.1%2CN%3Bseo%2C17.0.6%2CN%3Bsocialservices%2C17.1.4%2CN%3Btranslate%2C15.0.0%2CN&reqm=nsandrey.emptyinstall&lim=Y&SUPD_SRS=RU&SUPD_CMP=N
2017-12-12 13:46:54 -  - exec CUpdateClientPartner::GetHTTPPage
2017-12-12 13:46:55 -  - TIME LoadModulesUpdates(request) 0.422 sec
2017-12-12 13:46:55 -  - exec CUpdateClientPartner::ParseServerData
2017-12-12 13:46:55 - STEP - Finish - NOUPDATES
2017-12-12 13:46:55 - LM4W03 - Finish - NOUPDATES
