2017-Dec-13 10:00:33 Наличие необходимых модулей php (check_php_modules): Ok
Все необходимые модули установлены
2017-Dec-13 10:00:33 Обязательные параметры PHP (check_php_settings): Fail
Ошибка! Значение max_input_vars должно быть не ниже 10000. Текущее значение: 1000
2017-Dec-13 10:00:33 Модули веб-сервера (check_security): Ok
Конфликтов не выявлено
2017-Dec-13 10:00:33 Значения переменных сервера (check_server_vars): Fail
Ошибка! Текущий домен не валидный (bitrix). Может содержать только цифры, латинские буквы и дефис. Должен содержать точку.
2017-Dec-13 10:00:34 Сохранение сессии (check_session): Ok
50% done
2017-Dec-13 10:00:34 Сохранение сессии (check_session): Ok
Успешно
2017-Dec-13 10:00:34 Параметры настройки UTF (mbstring и константа BX_UTF) (check_mbstring): Ok
Правильные. Сайт работает в UTF кодировке
2017-Dec-13 10:00:34 Служебные скрипты в корне сайта (check_install_scripts): Ok
Отсутствуют
2017-Dec-13 10:00:34 Работа с сокетами (check_socket): Ok
Connection to bitrix:80	Success

Успешно
2017-Dec-13 10:00:35 Выполнение агентов на cron (check_bx_crontab): Warning
Замечание. Агенты выполняются на хитах, рекомендуется перевести выполнение агентов на cron
2017-Dec-13 10:00:35 Параметры подключения к базе данных (check_dbconn_settings): Ok
Успешно
2017-Dec-13 10:00:36 Лишний вывод в файлах конфигурации (check_dbconn): Ok
Connection to bitrix:80	Success

Успешно
2017-Dec-13 10:00:36 Сохранение сессии без UserAgent (check_session_ua): Ok
50% done
Connection to bitrix:80	Success

2017-Dec-13 10:00:36 Сохранение сессии без UserAgent (check_session_ua): Ok
Connection to bitrix:80	Success

Успешно
2017-Dec-13 10:00:36 Настройки сайтов (check_sites): Ok
Правильные
2017-Dec-13 10:00:37 Передача объектов по ссылке (check_clone): Ok
Успешно
2017-Dec-13 10:00:37 Размер стека и pcre.recursion_limit (check_pcre_recursion): Warning
Connection to bitrix:80	Success

Замечание. Возможны проблемы в работе с длинными строками из-за системных ограничений
2017-Dec-13 10:00:38 Вызов method_exists на строке (check_method_exists): Ok
Connection to bitrix:80	Success

Успешно
2017-Dec-13 10:00:38 Загрузка файла (check_upload): Ok
Connection to bitrix:80	Success

Успешно
2017-Dec-13 10:00:38 Загрузка файла больше 4Мб (check_upload_big): Ok
Connection to bitrix:80	Success

Успешно
2017-Dec-13 10:00:39 Загрузка файла через php://input (check_upload_raw): Ok
Connection to bitrix:80	Success

Успешно
2017-Dec-13 10:00:39 Передача POST запроса с большим числом параметров (check_post): Ok
Connection to bitrix:80	Success

Успешно
2017-Dec-13 10:00:41 Отправка почты (check_mail): Fail
Ошибка! Отправлено. Время отправки: 2.1 сек.
2017-Dec-13 10:00:42 Отправка почтового сообщения больше 64Кб (check_mail_big): Ok
Успешно
2017-Dec-13 10:00:42 Проверка на наличие неотправленных сообщений (check_mail_b_event): Ok
Успешно
2017-Dec-13 10:00:42 Внутреннее перенаправление (функция LocalRedirect) (check_localredirect): Ok
50% done
Connection to bitrix:80	Success

2017-Dec-13 10:00:42 Внутреннее перенаправление (функция LocalRedirect) (check_localredirect): Ok
Connection to bitrix:80	Success

Успешно
2017-Dec-13 10:00:43 Фактическое ограничение памяти (check_memory_limit): Ok
20% done
Connection to bitrix:80	Success

2017-Dec-13 10:00:43 Фактическое ограничение памяти (check_memory_limit): Ok
40% done
Connection to bitrix:80	Success

2017-Dec-13 10:00:43 Фактическое ограничение памяти (check_memory_limit): Ok
60% done
Connection to bitrix:80	Success

2017-Dec-13 10:00:47 Фактическое ограничение памяти (check_memory_limit): Ok
80% done
Connection to bitrix:80	Success

2017-Dec-13 10:00:47 Фактическое ограничение памяти (check_memory_limit): Ok
Connection to bitrix:80	Success

Не менее 256 М
2017-Dec-13 10:00:48 Работа с файлами кеша (check_cache): Ok
Успешно
2017-Dec-13 10:00:49 Доступ к серверу обновлений (check_update): Ok
Успешно
2017-Dec-13 10:00:49 HTTP авторизация (check_http_auth): Ok
Connection to bitrix:80	Success

Успешно
2017-Dec-13 10:00:51 Создание и запуск файла (check_exec): Ok
Connection to bitrix:80	Success

Успешно
2017-Dec-13 10:00:52 Функция getimagesize для swf (check_getimagesize): Ok
Успешно
2017-Dec-13 10:00:52 Версия MySQL-сервера (check_mysql_bug_version): Ok
Успешно
2017-Dec-13 10:00:53 Время на БД и веб-сервере (check_mysql_time): Fail
Ошибка! Время отличается на 14399 секунд
2017-Dec-13 10:00:53 Режим работы MySQL (check_mysql_mode): Fail
Ошибка! Переменная sql_mode в MySQL должна быть пустая, текущее значение: ONLY_FULL_GROUP_BY,STRICT_TRANS_TABLES,NO_ZERO_IN_DATE,NO_ZERO_DATE,ERROR_FOR_DIVISION_BY_ZERO,NO_AUTO_CREATE_USER,NO_ENGINE_SUBSTITUTION
2017-Dec-13 10:00:53 Кодировка соединения (check_mysql_connection_charset): Ok
character_set_connection=utf8, collation_connection=utf8_unicode_ci, character_set_results=utf8
Успешно
2017-Dec-13 10:00:53 Кодировка базы данных (check_mysql_db_charset): Fail
CHARSET=utf8, COLLATION=utf8_general_ci
Ошибка! Сравнение для базы (utf8_general_ci) отличается от сравнения для соединения (utf8_unicode_ci). Исправить
2017-Dec-13 10:00:54 Кодировки таблиц в БД (check_mysql_table_charset): Warning
Замечание. Не проверено из-за ошибки кодировки базы
2017-Dec-13 10:00:54 Структура базы данных (check_mysql_table_structure): Ok
0% done
2017-Dec-13 10:00:55 Структура базы данных (check_mysql_table_structure): Ok
7% done
2017-Dec-13 10:00:58 Структура базы данных (check_mysql_table_structure): Ok
15% done
2017-Dec-13 10:00:58 Структура базы данных (check_mysql_table_structure): Ok
23% done
2017-Dec-13 10:01:02 Структура базы данных (check_mysql_table_structure): Ok
30% done
2017-Dec-13 10:01:04 Структура базы данных (check_mysql_table_structure): Ok
38% done
2017-Dec-13 10:01:19 Структура базы данных (check_mysql_table_structure): Ok
46% done
2017-Dec-13 10:02:21 Структура базы данных (check_mysql_table_structure): Ok
53% done
2017-Dec-13 10:02:35 Структура базы данных (check_mysql_table_structure): Ok
61% done
